The target system is: Android - 1 - aarch64
The host system is: Darwin - 25.3.0 - arm64
Compiling the C compiler identification source file "CMakeCCompilerId.c" succeeded.
Compiler: /Users/marlonjd/Library/Android/sdk/ndk/30.0.14904198/toolchains/llvm/prebuilt/darwin-x86_64/bin/clang 
Build flags: -g;-DANDROID;-fdata-sections;-ffunction-sections;-funwind-tables;-fstack-protector-strong;-no-canonical-prefixes;-D_FORTIFY_SOURCE=2;-Wformat;-Werror=format-security;-DMLK_CONFIG_PARAMETER_SET=768;-DMLK_CONFIG_NO_RANDOMIZED_API
Id flags: -c;--target=aarch64-none-linux-android23 

The output was:
0


Compilation of the C compiler identification source "CMakeCCompilerId.c" produced "CMakeCCompilerId.o"

The C compiler identification is Clang, found in "/Users/marlonjd/Developer/mobile/publish/MLKEMNativeAndroid/mlkemnative/.cxx/RelWithDebInfo/395d6l4z/arm64-v8a/CMakeFiles/3.22.1-g37088a8/CompilerIdC/CMakeCCompilerId.o"

Detecting C compiler ABI info compiled with the following output:
Change Dir: /Users/marlonjd/Developer/mobile/publish/MLKEMNativeAndroid/mlkemnative/.cxx/RelWithDebInfo/395d6l4z/arm64-v8a/CMakeFiles/CMakeTmp

Run Build Command(s):/Users/marlonjd/Library/Android/sdk/cmake/3.22.1/bin/ninja cmTC_deafb && [1/2] Building C object CMakeFiles/cmTC_deafb.dir/CMakeCCompilerABI.c.o
Android (14475230, +pgo, -bolt, +lto, -mlgo, based on r574158) clang version 21.0.0 (https://android.googlesource.com/toolchain/llvm-project 9f872551d3c681d06fd303b36f16ed5c274735eb)
Target: aarch64-none-linux-android23
Thread model: posix
InstalledDir: /Users/marlonjd/Library/Android/sdk/ndk/30.0.14904198/toolchains/llvm/prebuilt/darwin-x86_64/bin
 (in-process)
 "/Users/marlonjd/Library/Android/sdk/ndk/30.0.14904198/toolchains/llvm/prebuilt/darwin-x86_64/bin/clang" -cc1 -triple aarch64-none-linux-android23 -emit-obj -disable-free -clear-ast-before-backend -disable-llvm-verifier -discard-value-names -main-file-name CMakeCCompilerABI.c -mrelocation-model pic -pic-level 2 -pic-is-pie -mframe-pointer=non-leaf -ffp-contract=on -fno-rounding-math -mconstructor-aliases -funwind-tables=2 -enable-tlsdesc -target-cpu generic -target-feature +v8a -target-feature +fp-armv8 -target-feature +neon -target-feature +fix-cortex-a53-835769 -target-abi aapcs -debug-info-kind=constructor -dwarf-version=4 -debugger-tuning=gdb -fdebug-compilation-dir=/Users/marlonjd/Developer/mobile/publish/MLKEMNativeAndroid/mlkemnative/.cxx/RelWithDebInfo/395d6l4z/arm64-v8a/CMakeFiles/CMakeTmp -v -ffunction-sections -fdata-sections -fcoverage-compilation-dir=/Users/marlonjd/Developer/mobile/publish/MLKEMNativeAndroid/mlkemnative/.cxx/RelWithDebInfo/395d6l4z/arm64-v8a/CMakeFiles/CMakeTmp -resource-dir /Users/marlonjd/Library/Android/sdk/ndk/30.0.14904198/toolchains/llvm/prebuilt/darwin-x86_64/lib/clang/21 -dependency-file CMakeFiles/cmTC_deafb.dir/CMakeCCompilerABI.c.o.d -MT CMakeFiles/cmTC_deafb.dir/CMakeCCompilerABI.c.o -sys-header-deps -D ANDROID -D _FORTIFY_SOURCE=2 -D MLK_CONFIG_PARAMETER_SET=768 -D MLK_CONFIG_NO_RANDOMIZED_API -isysroot /Users/marlonjd/Library/Android/sdk/ndk/30.0.14904198/toolchains/llvm/prebuilt/darwin-x86_64/sysroot -internal-isystem /Users/marlonjd/Library/Android/sdk/ndk/30.0.14904198/toolchains/llvm/prebuilt/darwin-x86_64/lib/clang/21/include -internal-isystem /Users/marlonjd/Library/Android/sdk/ndk/30.0.14904198/toolchains/llvm/prebuilt/darwin-x86_64/sysroot/usr/local/include -internal-externc-isystem /Users/marlonjd/Library/Android/sdk/ndk/30.0.14904198/toolchains/llvm/prebuilt/darwin-x86_64/sysroot/usr/include/aarch64-linux-android -internal-externc-isystem /Users/marlonjd/Library/Android/sdk/ndk/30.0.14904198/toolchains/llvm/prebuilt/darwin-x86_64/sysroot/include -internal-externc-isystem /Users/marlonjd/Library/Android/sdk/ndk/30.0.14904198/toolchains/llvm/prebuilt/darwin-x86_64/sysroot/usr/include -Wformat -ferror-limit 19 -femulated-tls -stack-protector 2 -fno-signed-char -fgnuc-version=4.2.1 -fskip-odr-check-in-gmf -target-feature +outline-atomics -D__GCC_HAVE_DWARF2_CFI_ASM=1 -o CMakeFiles/cmTC_deafb.dir/CMakeCCompilerABI.c.o -x c /Users/marlonjd/Library/Android/sdk/cmake/3.22.1/share/cmake-3.22/Modules/CMakeCCompilerABI.c
clang -cc1 version 21.0.0 based upon LLVM 21.0.0 default target arm64-apple-darwin25.3.0
ignoring nonexistent directory "/Users/marlonjd/Library/Android/sdk/ndk/30.0.14904198/toolchains/llvm/prebuilt/darwin-x86_64/sysroot/usr/local/include"
ignoring nonexistent directory "/Users/marlonjd/Library/Android/sdk/ndk/30.0.14904198/toolchains/llvm/prebuilt/darwin-x86_64/sysroot/include"
#include "..." search starts here:
#include <...> search starts here:
 /Users/marlonjd/Library/Android/sdk/ndk/30.0.14904198/toolchains/llvm/prebuilt/darwin-x86_64/lib/clang/21/include
 /Users/marlonjd/Library/Android/sdk/ndk/30.0.14904198/toolchains/llvm/prebuilt/darwin-x86_64/sysroot/usr/include/aarch64-linux-android
 /Users/marlonjd/Library/Android/sdk/ndk/30.0.14904198/toolchains/llvm/prebuilt/darwin-x86_64/sysroot/usr/include
End of search list.
[2/2] Linking C executable cmTC_deafb
Android (14475230, +pgo, -bolt, +lto, -mlgo, based on r574158) clang version 21.0.0 (https://android.googlesource.com/toolchain/llvm-project 9f872551d3c681d06fd303b36f16ed5c274735eb)
Target: aarch64-none-linux-android23
Thread model: posix
InstalledDir: /Users/marlonjd/Library/Android/sdk/ndk/30.0.14904198/toolchains/llvm/prebuilt/darwin-x86_64/bin
 "/Users/marlonjd/Library/Android/sdk/ndk/30.0.14904198/toolchains/llvm/prebuilt/darwin-x86_64/bin/ld.lld" --sysroot=/Users/marlonjd/Library/Android/sdk/ndk/30.0.14904198/toolchains/llvm/prebuilt/darwin-x86_64/sysroot -EL --fix-cortex-a53-843419 -z now -z relro -z max-page-size=16384 --no-rosegment --hash-style=gnu --eh-frame-hdr -m aarch64linux -pie -dynamic-linker /system/bin/linker64 -o cmTC_deafb /Users/marlonjd/Library/Android/sdk/ndk/30.0.14904198/toolchains/llvm/prebuilt/darwin-x86_64/sysroot/usr/lib/aarch64-linux-android/23/crtbegin_dynamic.o -L/Users/marlonjd/Library/Android/sdk/ndk/30.0.14904198/toolchains/llvm/prebuilt/darwin-x86_64/lib/clang/21/lib/linux/aarch64 -L/Users/marlonjd/Library/Android/sdk/ndk/30.0.14904198/toolchains/llvm/prebuilt/darwin-x86_64/sysroot/usr/lib/aarch64-linux-android/23 -L/Users/marlonjd/Library/Android/sdk/ndk/30.0.14904198/toolchains/llvm/prebuilt/darwin-x86_64/sysroot/usr/lib/aarch64-linux-android -L/Users/marlonjd/Library/Android/sdk/ndk/30.0.14904198/toolchains/llvm/prebuilt/darwin-x86_64/sysroot/usr/lib --build-id=sha1 --no-rosegment --no-undefined-version --fatal-warnings --no-undefined CMakeFiles/cmTC_deafb.dir/CMakeCCompilerABI.c.o /Users/marlonjd/Library/Android/sdk/ndk/30.0.14904198/toolchains/llvm/prebuilt/darwin-x86_64/lib/clang/21/lib/linux/libclang_rt.builtins-aarch64-android.a -l:libunwind.a -ldl -lc /Users/marlonjd/Library/Android/sdk/ndk/30.0.14904198/toolchains/llvm/prebuilt/darwin-x86_64/lib/clang/21/lib/linux/libclang_rt.builtins-aarch64-android.a -l:libunwind.a -ldl /Users/marlonjd/Library/Android/sdk/ndk/30.0.14904198/toolchains/llvm/prebuilt/darwin-x86_64/sysroot/usr/lib/aarch64-linux-android/23/crtend_android.o



Parsed C implicit include dir info from above output: rv=done
  found start of include info
  found start of implicit include info
    add: [/Users/marlonjd/Library/Android/sdk/ndk/30.0.14904198/toolchains/llvm/prebuilt/darwin-x86_64/lib/clang/21/include]
    add: [/Users/marlonjd/Library/Android/sdk/ndk/30.0.14904198/toolchains/llvm/prebuilt/darwin-x86_64/sysroot/usr/include/aarch64-linux-android]
    add: [/Users/marlonjd/Library/Android/sdk/ndk/30.0.14904198/toolchains/llvm/prebuilt/darwin-x86_64/sysroot/usr/include]
  end of search list found
  collapse include dir [/Users/marlonjd/Library/Android/sdk/ndk/30.0.14904198/toolchains/llvm/prebuilt/darwin-x86_64/lib/clang/21/include] ==> [/Users/marlonjd/Library/Android/sdk/ndk/30.0.14904198/toolchains/llvm/prebuilt/darwin-x86_64/lib/clang/21/include]
  collapse include dir [/Users/marlonjd/Library/Android/sdk/ndk/30.0.14904198/toolchains/llvm/prebuilt/darwin-x86_64/sysroot/usr/include/aarch64-linux-android] ==> [/Users/marlonjd/Library/Android/sdk/ndk/30.0.14904198/toolchains/llvm/prebuilt/darwin-x86_64/sysroot/usr/include/aarch64-linux-android]
  collapse include dir [/Users/marlonjd/Library/Android/sdk/ndk/30.0.14904198/toolchains/llvm/prebuilt/darwin-x86_64/sysroot/usr/include] ==> [/Users/marlonjd/Library/Android/sdk/ndk/30.0.14904198/toolchains/llvm/prebuilt/darwin-x86_64/sysroot/usr/include]
  implicit include dirs: [/Users/marlonjd/Library/Android/sdk/ndk/30.0.14904198/toolchains/llvm/prebuilt/darwin-x86_64/lib/clang/21/include;/Users/marlonjd/Library/Android/sdk/ndk/30.0.14904198/toolchains/llvm/prebuilt/darwin-x86_64/sysroot/usr/include/aarch64-linux-android;/Users/marlonjd/Library/Android/sdk/ndk/30.0.14904198/toolchains/llvm/prebuilt/darwin-x86_64/sysroot/usr/include]


Parsed C implicit link information from above output:
  link line regex: [^( *|.*[/\])(ld\.lld|CMAKE_LINK_STARTFILE-NOTFOUND|([^/\]+-)?ld|collect2)[^/\]*( |$)]
  ignore line: [Change Dir: /Users/marlonjd/Developer/mobile/publish/MLKEMNativeAndroid/mlkemnative/.cxx/RelWithDebInfo/395d6l4z/arm64-v8a/CMakeFiles/CMakeTmp]
  ignore line: []
  ignore line: [Run Build Command(s):/Users/marlonjd/Library/Android/sdk/cmake/3.22.1/bin/ninja cmTC_deafb && [1/2] Building C object CMakeFiles/cmTC_deafb.dir/CMakeCCompilerABI.c.o]
  ignore line: [Android (14475230  +pgo  -bolt  +lto  -mlgo  based on r574158) clang version 21.0.0 (https://android.googlesource.com/toolchain/llvm-project 9f872551d3c681d06fd303b36f16ed5c274735eb)]
  ignore line: [Target: aarch64-none-linux-android23]
  ignore line: [Thread model: posix]
  ignore line: [InstalledDir: /Users/marlonjd/Library/Android/sdk/ndk/30.0.14904198/toolchains/llvm/prebuilt/darwin-x86_64/bin]
  ignore line: [ (in-process)]
  ignore line: [ "/Users/marlonjd/Library/Android/sdk/ndk/30.0.14904198/toolchains/llvm/prebuilt/darwin-x86_64/bin/clang" -cc1 -triple aarch64-none-linux-android23 -emit-obj -disable-free -clear-ast-before-backend -disable-llvm-verifier -discard-value-names -main-file-name CMakeCCompilerABI.c -mrelocation-model pic -pic-level 2 -pic-is-pie -mframe-pointer=non-leaf -ffp-contract=on -fno-rounding-math -mconstructor-aliases -funwind-tables=2 -enable-tlsdesc -target-cpu generic -target-feature +v8a -target-feature +fp-armv8 -target-feature +neon -target-feature +fix-cortex-a53-835769 -target-abi aapcs -debug-info-kind=constructor -dwarf-version=4 -debugger-tuning=gdb -fdebug-compilation-dir=/Users/marlonjd/Developer/mobile/publish/MLKEMNativeAndroid/mlkemnative/.cxx/RelWithDebInfo/395d6l4z/arm64-v8a/CMakeFiles/CMakeTmp -v -ffunction-sections -fdata-sections -fcoverage-compilation-dir=/Users/marlonjd/Developer/mobile/publish/MLKEMNativeAndroid/mlkemnative/.cxx/RelWithDebInfo/395d6l4z/arm64-v8a/CMakeFiles/CMakeTmp -resource-dir /Users/marlonjd/Library/Android/sdk/ndk/30.0.14904198/toolchains/llvm/prebuilt/darwin-x86_64/lib/clang/21 -dependency-file CMakeFiles/cmTC_deafb.dir/CMakeCCompilerABI.c.o.d -MT CMakeFiles/cmTC_deafb.dir/CMakeCCompilerABI.c.o -sys-header-deps -D ANDROID -D _FORTIFY_SOURCE=2 -D MLK_CONFIG_PARAMETER_SET=768 -D MLK_CONFIG_NO_RANDOMIZED_API -isysroot /Users/marlonjd/Library/Android/sdk/ndk/30.0.14904198/toolchains/llvm/prebuilt/darwin-x86_64/sysroot -internal-isystem /Users/marlonjd/Library/Android/sdk/ndk/30.0.14904198/toolchains/llvm/prebuilt/darwin-x86_64/lib/clang/21/include -internal-isystem /Users/marlonjd/Library/Android/sdk/ndk/30.0.14904198/toolchains/llvm/prebuilt/darwin-x86_64/sysroot/usr/local/include -internal-externc-isystem /Users/marlonjd/Library/Android/sdk/ndk/30.0.14904198/toolchains/llvm/prebuilt/darwin-x86_64/sysroot/usr/include/aarch64-linux-android -internal-externc-isystem /Users/marlonjd/Library/Android/sdk/ndk/30.0.14904198/toolchains/llvm/prebuilt/darwin-x86_64/sysroot/include -internal-externc-isystem /Users/marlonjd/Library/Android/sdk/ndk/30.0.14904198/toolchains/llvm/prebuilt/darwin-x86_64/sysroot/usr/include -Wformat -ferror-limit 19 -femulated-tls -stack-protector 2 -fno-signed-char -fgnuc-version=4.2.1 -fskip-odr-check-in-gmf -target-feature +outline-atomics -D__GCC_HAVE_DWARF2_CFI_ASM=1 -o CMakeFiles/cmTC_deafb.dir/CMakeCCompilerABI.c.o -x c /Users/marlonjd/Library/Android/sdk/cmake/3.22.1/share/cmake-3.22/Modules/CMakeCCompilerABI.c]
  ignore line: [clang -cc1 version 21.0.0 based upon LLVM 21.0.0 default target arm64-apple-darwin25.3.0]
  ignore line: [ignoring nonexistent directory "/Users/marlonjd/Library/Android/sdk/ndk/30.0.14904198/toolchains/llvm/prebuilt/darwin-x86_64/sysroot/usr/local/include"]
  ignore line: [ignoring nonexistent directory "/Users/marlonjd/Library/Android/sdk/ndk/30.0.14904198/toolchains/llvm/prebuilt/darwin-x86_64/sysroot/include"]
  ignore line: [#include "..." search starts here:]
  ignore line: [#include <...> search starts here:]
  ignore line: [ /Users/marlonjd/Library/Android/sdk/ndk/30.0.14904198/toolchains/llvm/prebuilt/darwin-x86_64/lib/clang/21/include]
  ignore line: [ /Users/marlonjd/Library/Android/sdk/ndk/30.0.14904198/toolchains/llvm/prebuilt/darwin-x86_64/sysroot/usr/include/aarch64-linux-android]
  ignore line: [ /Users/marlonjd/Library/Android/sdk/ndk/30.0.14904198/toolchains/llvm/prebuilt/darwin-x86_64/sysroot/usr/include]
  ignore line: [End of search list.]
  ignore line: [[2/2] Linking C executable cmTC_deafb]
  ignore line: [Android (14475230  +pgo  -bolt  +lto  -mlgo  based on r574158) clang version 21.0.0 (https://android.googlesource.com/toolchain/llvm-project 9f872551d3c681d06fd303b36f16ed5c274735eb)]
  ignore line: [Target: aarch64-none-linux-android23]
  ignore line: [Thread model: posix]
  ignore line: [InstalledDir: /Users/marlonjd/Library/Android/sdk/ndk/30.0.14904198/toolchains/llvm/prebuilt/darwin-x86_64/bin]
  link line: [ "/Users/marlonjd/Library/Android/sdk/ndk/30.0.14904198/toolchains/llvm/prebuilt/darwin-x86_64/bin/ld.lld" --sysroot=/Users/marlonjd/Library/Android/sdk/ndk/30.0.14904198/toolchains/llvm/prebuilt/darwin-x86_64/sysroot -EL --fix-cortex-a53-843419 -z now -z relro -z max-page-size=16384 --no-rosegment --hash-style=gnu --eh-frame-hdr -m aarch64linux -pie -dynamic-linker /system/bin/linker64 -o cmTC_deafb /Users/marlonjd/Library/Android/sdk/ndk/30.0.14904198/toolchains/llvm/prebuilt/darwin-x86_64/sysroot/usr/lib/aarch64-linux-android/23/crtbegin_dynamic.o -L/Users/marlonjd/Library/Android/sdk/ndk/30.0.14904198/toolchains/llvm/prebuilt/darwin-x86_64/lib/clang/21/lib/linux/aarch64 -L/Users/marlonjd/Library/Android/sdk/ndk/30.0.14904198/toolchains/llvm/prebuilt/darwin-x86_64/sysroot/usr/lib/aarch64-linux-android/23 -L/Users/marlonjd/Library/Android/sdk/ndk/30.0.14904198/toolchains/llvm/prebuilt/darwin-x86_64/sysroot/usr/lib/aarch64-linux-android -L/Users/marlonjd/Library/Android/sdk/ndk/30.0.14904198/toolchains/llvm/prebuilt/darwin-x86_64/sysroot/usr/lib --build-id=sha1 --no-rosegment --no-undefined-version --fatal-warnings --no-undefined CMakeFiles/cmTC_deafb.dir/CMakeCCompilerABI.c.o /Users/marlonjd/Library/Android/sdk/ndk/30.0.14904198/toolchains/llvm/prebuilt/darwin-x86_64/lib/clang/21/lib/linux/libclang_rt.builtins-aarch64-android.a -l:libunwind.a -ldl -lc /Users/marlonjd/Library/Android/sdk/ndk/30.0.14904198/toolchains/llvm/prebuilt/darwin-x86_64/lib/clang/21/lib/linux/libclang_rt.builtins-aarch64-android.a -l:libunwind.a -ldl /Users/marlonjd/Library/Android/sdk/ndk/30.0.14904198/toolchains/llvm/prebuilt/darwin-x86_64/sysroot/usr/lib/aarch64-linux-android/23/crtend_android.o]
    arg [/Users/marlonjd/Library/Android/sdk/ndk/30.0.14904198/toolchains/llvm/prebuilt/darwin-x86_64/bin/ld.lld] ==> ignore
    arg [--sysroot=/Users/marlonjd/Library/Android/sdk/ndk/30.0.14904198/toolchains/llvm/prebuilt/darwin-x86_64/sysroot] ==> ignore
    arg [-EL] ==> ignore
    arg [--fix-cortex-a53-843419] ==> ignore
    arg [-znow] ==> ignore
    arg [-zrelro] ==> ignore
    arg [-zmax-page-size=16384] ==> ignore
    arg [--no-rosegment] ==> ignore
    arg [--hash-style=gnu] ==> ignore
    arg [--eh-frame-hdr] ==> ignore
    arg [-m] ==> ignore
    arg [aarch64linux] ==> ignore
    arg [-pie] ==> ignore
    arg [-dynamic-linker] ==> ignore
    arg [/system/bin/linker64] ==> ignore
    arg [-o] ==> ignore
    arg [cmTC_deafb] ==> ignore
    arg [/Users/marlonjd/Library/Android/sdk/ndk/30.0.14904198/toolchains/llvm/prebuilt/darwin-x86_64/sysroot/usr/lib/aarch64-linux-android/23/crtbegin_dynamic.o] ==> obj [/Users/marlonjd/Library/Android/sdk/ndk/30.0.14904198/toolchains/llvm/prebuilt/darwin-x86_64/sysroot/usr/lib/aarch64-linux-android/23/crtbegin_dynamic.o]
    arg [-L/Users/marlonjd/Library/Android/sdk/ndk/30.0.14904198/toolchains/llvm/prebuilt/darwin-x86_64/lib/clang/21/lib/linux/aarch64] ==> dir [/Users/marlonjd/Library/Android/sdk/ndk/30.0.14904198/toolchains/llvm/prebuilt/darwin-x86_64/lib/clang/21/lib/linux/aarch64]
    arg [-L/Users/marlonjd/Library/Android/sdk/ndk/30.0.14904198/toolchains/llvm/prebuilt/darwin-x86_64/sysroot/usr/lib/aarch64-linux-android/23] ==> dir [/Users/marlonjd/Library/Android/sdk/ndk/30.0.14904198/toolchains/llvm/prebuilt/darwin-x86_64/sysroot/usr/lib/aarch64-linux-android/23]
    arg [-L/Users/marlonjd/Library/Android/sdk/ndk/30.0.14904198/toolchains/llvm/prebuilt/darwin-x86_64/sysroot/usr/lib/aarch64-linux-android] ==> dir [/Users/marlonjd/Library/Android/sdk/ndk/30.0.14904198/toolchains/llvm/prebuilt/darwin-x86_64/sysroot/usr/lib/aarch64-linux-android]
    arg [-L/Users/marlonjd/Library/Android/sdk/ndk/30.0.14904198/toolchains/llvm/prebuilt/darwin-x86_64/sysroot/usr/lib] ==> dir [/Users/marlonjd/Library/Android/sdk/ndk/30.0.14904198/toolchains/llvm/prebuilt/darwin-x86_64/sysroot/usr/lib]
    arg [--build-id=sha1] ==> ignore
    arg [--no-rosegment] ==> ignore
    arg [--no-undefined-version] ==> ignore
    arg [--fatal-warnings] ==> ignore
    arg [--no-undefined] ==> ignore
    arg [CMakeFiles/cmTC_deafb.dir/CMakeCCompilerABI.c.o] ==> ignore
    arg [/Users/marlonjd/Library/Android/sdk/ndk/30.0.14904198/toolchains/llvm/prebuilt/darwin-x86_64/lib/clang/21/lib/linux/libclang_rt.builtins-aarch64-android.a] ==> lib [/Users/marlonjd/Library/Android/sdk/ndk/30.0.14904198/toolchains/llvm/prebuilt/darwin-x86_64/lib/clang/21/lib/linux/libclang_rt.builtins-aarch64-android.a]
    arg [-l:libunwind.a] ==> lib [-l:libunwind.a]
    arg [-ldl] ==> lib [dl]
    arg [-lc] ==> lib [c]
    arg [/Users/marlonjd/Library/Android/sdk/ndk/30.0.14904198/toolchains/llvm/prebuilt/darwin-x86_64/lib/clang/21/lib/linux/libclang_rt.builtins-aarch64-android.a] ==> lib [/Users/marlonjd/Library/Android/sdk/ndk/30.0.14904198/toolchains/llvm/prebuilt/darwin-x86_64/lib/clang/21/lib/linux/libclang_rt.builtins-aarch64-android.a]
    arg [-l:libunwind.a] ==> lib [-l:libunwind.a]
    arg [-ldl] ==> lib [dl]
    arg [/Users/marlonjd/Library/Android/sdk/ndk/30.0.14904198/toolchains/llvm/prebuilt/darwin-x86_64/sysroot/usr/lib/aarch64-linux-android/23/crtend_android.o] ==> obj [/Users/marlonjd/Library/Android/sdk/ndk/30.0.14904198/toolchains/llvm/prebuilt/darwin-x86_64/sysroot/usr/lib/aarch64-linux-android/23/crtend_android.o]
  remove lib [/Users/marlonjd/Library/Android/sdk/ndk/30.0.14904198/toolchains/llvm/prebuilt/darwin-x86_64/lib/clang/21/lib/linux/libclang_rt.builtins-aarch64-android.a]
  remove lib [/Users/marlonjd/Library/Android/sdk/ndk/30.0.14904198/toolchains/llvm/prebuilt/darwin-x86_64/lib/clang/21/lib/linux/libclang_rt.builtins-aarch64-android.a]
  collapse library dir [/Users/marlonjd/Library/Android/sdk/ndk/30.0.14904198/toolchains/llvm/prebuilt/darwin-x86_64/lib/clang/21/lib/linux/aarch64] ==> [/Users/marlonjd/Library/Android/sdk/ndk/30.0.14904198/toolchains/llvm/prebuilt/darwin-x86_64/lib/clang/21/lib/linux/aarch64]
  collapse library dir [/Users/marlonjd/Library/Android/sdk/ndk/30.0.14904198/toolchains/llvm/prebuilt/darwin-x86_64/sysroot/usr/lib/aarch64-linux-android/23] ==> [/Users/marlonjd/Library/Android/sdk/ndk/30.0.14904198/toolchains/llvm/prebuilt/darwin-x86_64/sysroot/usr/lib/aarch64-linux-android/23]
  collapse library dir [/Users/marlonjd/Library/Android/sdk/ndk/30.0.14904198/toolchains/llvm/prebuilt/darwin-x86_64/sysroot/usr/lib/aarch64-linux-android] ==> [/Users/marlonjd/Library/Android/sdk/ndk/30.0.14904198/toolchains/llvm/prebuilt/darwin-x86_64/sysroot/usr/lib/aarch64-linux-android]
  collapse library dir [/Users/marlonjd/Library/Android/sdk/ndk/30.0.14904198/toolchains/llvm/prebuilt/darwin-x86_64/sysroot/usr/lib] ==> [/Users/marlonjd/Library/Android/sdk/ndk/30.0.14904198/toolchains/llvm/prebuilt/darwin-x86_64/sysroot/usr/lib]
  implicit libs: [-l:libunwind.a;dl;c;-l:libunwind.a;dl]
  implicit objs: [/Users/marlonjd/Library/Android/sdk/ndk/30.0.14904198/toolchains/llvm/prebuilt/darwin-x86_64/sysroot/usr/lib/aarch64-linux-android/23/crtbegin_dynamic.o;/Users/marlonjd/Library/Android/sdk/ndk/30.0.14904198/toolchains/llvm/prebuilt/darwin-x86_64/sysroot/usr/lib/aarch64-linux-android/23/crtend_android.o]
  implicit dirs: [/Users/marlonjd/Library/Android/sdk/ndk/30.0.14904198/toolchains/llvm/prebuilt/darwin-x86_64/lib/clang/21/lib/linux/aarch64;/Users/marlonjd/Library/Android/sdk/ndk/30.0.14904198/toolchains/llvm/prebuilt/darwin-x86_64/sysroot/usr/lib/aarch64-linux-android/23;/Users/marlonjd/Library/Android/sdk/ndk/30.0.14904198/toolchains/llvm/prebuilt/darwin-x86_64/sysroot/usr/lib/aarch64-linux-android;/Users/marlonjd/Library/Android/sdk/ndk/30.0.14904198/toolchains/llvm/prebuilt/darwin-x86_64/sysroot/usr/lib]
  implicit fwks: []


